<?xml version="1.0" encoding="UTF-8"?>
<!-- Generated by org.testng.reporters.JUnitXMLReporter -->
<testsuite ignored="9" hostname="IN-5WMZ9K3" failures="0" tests="5" name="Test" time="4.458" errors="0" timestamp="2024-09-19T22:02:04 IST">
  <testcase classname="com.api.RestAssuredTraining.Create_Card" name="create_Card" time="1.519"/>
  <testcase classname="com.api.RestAssuredTraining.Get_Card" name="get_Card" time="0.385"/>
  <testcase classname="com.api.RestAssuredTraining.Update_Card" name="update_Card" time="0.916"/>
  <testcase classname="com.api.RestAssuredTraining.Delete_Card" name="delete_Card" time="0.85"/>
  <testcase classname="com.api.RestAssuredTraining.Delete_Card" name="delete_Same_Card_Again" time="0.318"/>
  <testcase classname="com.api.RestAssuredTraining.BaseTest" name="@BeforeSuite setRequestSpecs" time="0.0">
    <ignored/>
  </testcase> <!-- @BeforeSuite setRequestSpecs -->
  <testcase classname="com.api.RestAssuredTraining.BaseTest" name="@BeforeSuite setRequestSpecs" time="0.0">
    <ignored/>
  </testcase> <!-- @BeforeSuite setRequestSpecs -->
  <testcase classname="com.api.RestAssuredTraining.BaseTest" name="@BeforeSuite setRequestSpecs" time="0.0">
    <ignored/>
  </testcase> <!-- @BeforeSuite setRequestSpecs -->
  <testcase classname="Utility.ExtentReport" name="@AfterSuite flushReport" time="0.0">
    <ignored/>
  </testcase> <!-- @AfterSuite flushReport -->
  <testcase classname="Utility.ExtentReport" name="@AfterSuite flushReport" time="0.0">
    <ignored/>
  </testcase> <!-- @AfterSuite flushReport -->
  <testcase classname="Utility.ExtentReport" name="@AfterSuite flushReport" time="0.0">
    <ignored/>
  </testcase> <!-- @AfterSuite flushReport -->
  <testcase classname="Utility.ExtentReport" name="@BeforeSuite initializeReporter" time="0.0">
    <ignored/>
  </testcase> <!-- @BeforeSuite initializeReporter -->
  <testcase classname="Utility.ExtentReport" name="@BeforeSuite initializeReporter" time="0.0">
    <ignored/>
  </testcase> <!-- @BeforeSuite initializeReporter -->
  <testcase classname="Utility.ExtentReport" name="@BeforeSuite initializeReporter" time="0.0">
    <ignored/>
  </testcase> <!-- @BeforeSuite initializeReporter -->
</testsuite> <!-- Test -->
